<?xml version="1.0" encoding="UTF-8"?>
<testsuite name="com.shiprate.database.db.repository.AccountRepositoryTest$SuiteCrud" tests="4" skipped="0" failures="0" errors="0" timestamp="2024-09-04T19:07:26" hostname="jeb-XPS-15-9570" time="0.123">
  <properties/>
  <testcase name="createUniqueName()" classname="com.shiprate.database.db.repository.AccountRepositoryTest$SuiteCrud" time="0.045"/>
  <testcase name="create()" classname="com.shiprate.database.db.repository.AccountRepositoryTest$SuiteCrud" time="0.015"/>
  <testcase name="delete()" classname="com.shiprate.database.db.repository.AccountRepositoryTest$SuiteCrud" time="0.033"/>
  <testcase name="update()" classname="com.shiprate.database.db.repository.AccountRepositoryTest$SuiteCrud" time="0.024"/>
  <system-out><![CDATA[2024-09-04T14:07:26.020-05:00  INFO 194234 --- [Shiprate] [    Test worker] t.c.s.AnnotationConfigContextLoaderUtils : Could not detect default configuration classes for test class [com.shiprate.database.db.repository.AccountRepositoryTest$SuiteCrud]: SuiteCrud does not declare any static, non-private, non-final, nested classes annotated with @Configuration.
2024-09-04T14:07:26.022-05:00  INFO 194234 --- [Shiprate] [    Test worker] .b.t.c.SpringBootTestContextBootstrapper : Found @SpringBootConfiguration com.shiprate.ShiprateApplication for test class com.shiprate.database.db.repository.AccountRepositoryTest$SuiteCrud
2024-09-04T14:07:26.060-05:00  WARN 194234 --- [Shiprate] [    Test worker] o.h.engine.jdbc.spi.SqlExceptionHelper   : SQL Error: 1062, SQLState: 23000
2024-09-04T14:07:26.060-05:00 ERROR 194234 --- [Shiprate] [    Test worker] o.h.engine.jdbc.spi.SqlExceptionHelper   : Duplicate entry 'notUnique_-1818495925' for key 'account.name'
]]></system-out>
  <system-err><![CDATA[]]></system-err>
</testsuite>
