<?xml version="1.0" encoding="UTF-8"?>
<testsuite name="com.shiprate.database.db.repository.AccountRepositoryTest$SuiteFind" tests="4" skipped="0" failures="0" errors="0" timestamp="2024-09-04T19:07:25" hostname="jeb-XPS-15-9570" time="0.673">
  <properties/>
  <testcase name="findAll()" classname="com.shiprate.database.db.repository.AccountRepositoryTest$SuiteFind" time="0.558"/>
  <testcase name="findById()" classname="com.shiprate.database.db.repository.AccountRepositoryTest$SuiteFind" time="0.03"/>
  <testcase name="findByName()" classname="com.shiprate.database.db.repository.AccountRepositoryTest$SuiteFind" time="0.061"/>
  <testcase name="findByExtid()" classname="com.shiprate.database.db.repository.AccountRepositoryTest$SuiteFind" time="0.017"/>
  <system-out><![CDATA[14:07:21.969 [Test worker] INFO org.springframework.test.context.support.AnnotationConfigContextLoaderUtils -- Could not detect default configuration classes for test class [com.shiprate.database.db.repository.AccountRepositoryTest$SuiteFind]: SuiteFind does not declare any static, non-private, non-final, nested classes annotated with @Configuration.
14:07:21.973 [Test worker] INFO org.springframework.boot.test.context.SpringBootTestContextBootstrapper -- Found @SpringBootConfiguration com.shiprate.ShiprateApplication for test class com.shiprate.database.db.repository.AccountRepositoryTest$SuiteFind
14:07:22.016 [Test worker] INFO org.springframework.boot.devtools.restart.RestartApplicationListener -- Restart disabled due to context in which it is running

  .   ____          _            __ _ _
 /\\ / ___'_ __ _ _(_)_ __  __ _ \ \ \ \
( ( )\___ | '_ | '_| | '_ \/ _` | \ \ \ \
 \\/  ___)| |_)| | | | | || (_| |  ) ) ) )
  '  |____| .__|_| |_|_| |_\__, | / / / /
 =========|_|==============|___/=/_/_/_/
 :: Spring Boot ::       (v3.2.8-SNAPSHOT)

2024-09-04T14:07:22.250-05:00  WARN 194234 --- [Shiprate] [    Test worker] ory$DuplicateJsonObjectContextCustomizer : 

Found multiple occurrences of org.json.JSONObject on the class path:

	jar:file:/home/jeb/.sdkman/candidates/gradle/8.8/caches/modules-2/files-2.1/org.json/json/20141113/c590c04911645db2f53b9bbefd5c3fcd8ca5581d/json-20141113.jar!/org/json/JSONObject.class
	jar:file:/home/jeb/.sdkman/candidates/gradle/8.8/caches/modules-2/files-2.1/com.vaadin.external.google/android-json/0.0.20131108.vaadin1/fa26d351fe62a6a17f5cda1287c1c6110dec413f/android-json-0.0.20131108.vaadin1.jar!/org/json/JSONObject.class

You may wish to exclude one of them to ensure predictable runtime behavior

2024-09-04T14:07:22.259-05:00  INFO 194234 --- [Shiprate] [    Test worker] c.s.d.d.r.AccountRepositoryTest          : Starting AccountRepositoryTest using Java 21.0.4 with PID 194234 (started by jeb in /home/jeb/projects/shiprate)
2024-09-04T14:07:22.260-05:00  INFO 194234 --- [Shiprate] [    Test worker] c.s.d.d.r.AccountRepositoryTest          : No active profile set, falling back to 1 default profile: "default"
2024-09-04T14:07:22.696-05:00  INFO 194234 --- [Shiprate] [    Test worker] .s.d.r.c.RepositoryConfigurationDelegate : Bootstrapping Spring Data JPA repositories in DEFAULT mode.
2024-09-04T14:07:22.733-05:00  INFO 194234 --- [Shiprate] [    Test worker] .s.d.r.c.RepositoryConfigurationDelegate : Finished Spring Data repository scanning in 32 ms. Found 1 JPA repository interface.
2024-09-04T14:07:23.038-05:00  INFO 194234 --- [Shiprate] [    Test worker] com.zaxxer.hikari.HikariDataSource       : HikariPool-1 - Starting...
2024-09-04T14:07:23.349-05:00  INFO 194234 --- [Shiprate] [    Test worker] com.zaxxer.hikari.pool.HikariPool        : HikariPool-1 - Added connection com.mysql.cj.jdbc.ConnectionImpl@50cbcca7
2024-09-04T14:07:23.351-05:00  INFO 194234 --- [Shiprate] [    Test worker] com.zaxxer.hikari.HikariDataSource       : HikariPool-1 - Start completed.
2024-09-04T14:07:23.611-05:00  INFO 194234 --- [Shiprate] [    Test worker] liquibase.changelog                      : Reading resource: db/changelog/changes/001-init.yaml
2024-09-04T14:07:23.794-05:00  INFO 194234 --- [Shiprate] [    Test worker] liquibase.changelog                      : Reading from shiprate.DATABASECHANGELOG
2024-09-04T14:07:23.829-05:00  INFO 194234 --- [Shiprate] [    Test worker] liquibase.ui                             : Database is up to date, no changesets to execute
2024-09-04T14:07:23.831-05:00  INFO 194234 --- [Shiprate] [    Test worker] liquibase.changelog                      : Reading from shiprate.DATABASECHANGELOG
2024-09-04T14:07:23.837-05:00  INFO 194234 --- [Shiprate] [    Test worker] liquibase.util                           : UPDATE SUMMARY
2024-09-04T14:07:23.837-05:00  INFO 194234 --- [Shiprate] [    Test worker] liquibase.util                           : Run:                          0
2024-09-04T14:07:23.837-05:00  INFO 194234 --- [Shiprate] [    Test worker] liquibase.util                           : Previously run:               1
2024-09-04T14:07:23.837-05:00  INFO 194234 --- [Shiprate] [    Test worker] liquibase.util                           : Filtered out:                 0
2024-09-04T14:07:23.837-05:00  INFO 194234 --- [Shiprate] [    Test worker] liquibase.util                           : -------------------------------
2024-09-04T14:07:23.837-05:00  INFO 194234 --- [Shiprate] [    Test worker] liquibase.util                           : Total change sets:            1
2024-09-04T14:07:23.838-05:00  INFO 194234 --- [Shiprate] [    Test worker] liquibase.util                           : Update summary generated
2024-09-04T14:07:23.852-05:00  INFO 194234 --- [Shiprate] [    Test worker] liquibase.lockservice                    : Successfully released change log lock
2024-09-04T14:07:23.853-05:00  INFO 194234 --- [Shiprate] [    Test worker] liquibase.command                        : Command execution complete
2024-09-04T14:07:23.931-05:00  INFO 194234 --- [Shiprate] [    Test worker] o.hibernate.jpa.internal.util.LogHelper  : HHH000204: Processing PersistenceUnitInfo [name: default]
2024-09-04T14:07:23.966-05:00  INFO 194234 --- [Shiprate] [    Test worker] org.hibernate.Version                    : HHH000412: Hibernate ORM core version 6.4.9.Final
2024-09-04T14:07:23.990-05:00  INFO 194234 --- [Shiprate] [    Test worker] o.h.c.internal.RegionFactoryInitiator    : HHH000026: Second-level cache disabled
2024-09-04T14:07:24.134-05:00  INFO 194234 --- [Shiprate] [    Test worker] o.s.o.j.p.SpringPersistenceUnitInfo      : No LoadTimeWeaver setup: ignoring JPA class transformer
2024-09-04T14:07:24.705-05:00  INFO 194234 --- [Shiprate] [    Test worker] o.h.e.t.j.p.i.JtaPlatformInitiator       : HHH000489: No JTA platform available (set 'hibernate.transaction.jta.platform' to enable JTA platform integration)
2024-09-04T14:07:24.707-05:00  INFO 194234 --- [Shiprate] [    Test worker] j.LocalContainerEntityManagerFactoryBean : Initialized JPA EntityManagerFactory for persistence unit 'default'
2024-09-04T14:07:25.019-05:00  WARN 194234 --- [Shiprate] [    Test worker] JpaBaseConfiguration$JpaWebConfiguration : spring.jpa.open-in-view is enabled by default. Therefore, database queries may be performed during view rendering. Explicitly configure spring.jpa.open-in-view to disable this warning
2024-09-04T14:07:25.328-05:00  INFO 194234 --- [Shiprate] [    Test worker] c.s.d.d.r.AccountRepositoryTest          : Started AccountRepositoryTest in 3.316 seconds (process running for 4.097)
]]></system-out>
  <system-err><![CDATA[WARNING: A Java agent has been loaded dynamically (/home/jeb/.sdkman/candidates/gradle/8.8/caches/modules-2/files-2.1/net.bytebuddy/byte-buddy-agent/1.14.18/417558ea01fe9f0e8a94af28b9469d281c4e3984/byte-buddy-agent-1.14.18.jar)
WARNING: If a serviceability tool is in use, please run with -XX:+EnableDynamicAgentLoading to hide this warning
WARNING: If a serviceability tool is not in use, please run with -Djdk.instrument.traceUsage for more information
WARNING: Dynamic loading of agents will be disallowed by default in a future release
]]></system-err>
</testsuite>
